2018-09-19 20:04:40,250 - main - DEBUG - updating by industry.. tsxci agr compact 30min
2018-09-19 20:04:40,251 - main.mysql - DEBUG - connecting to mysql://root:123456@localhost:3306/tsxci_daily?charset=utf8
2018-09-19 20:04:40,274 - main.mysql - DEBUG - connecting to mysql://root:123456@localhost:3306/tsxci_daily?charset=utf8
2018-09-19 20:04:40,347 - main.mysql - DEBUG - connecting to mysql://root:123456@localhost:3306/tsxci_daily?charset=utf8
2018-09-19 20:04:40,381 - main.indCode - DEBUG - Generated 55 Industry codes
2018-09-19 20:04:40,453 - main.indCode - DEBUG - Found 1 stocks in agr
2018-09-19 20:04:55,455 - main.query_data - DEBUG - Fetching ntr.to
2018-09-19 20:04:55,856 - main.alphaVantage - DEBUG - 'the label [2018-09-19] is not in the [index]'
2018-09-19 20:04:55,858 - main.mysql - DEBUG - connecting to mysql://root:123456@localhost:3306/tsxci_intraday?charset=utf8
2018-09-19 20:04:55,884 - main - INFO - Program took 0.2606982429822286 minutes to run
2018-09-18 20:08:02,665 - main - DEBUG - updating by industry.. tsxci agr compact 30min
2018-09-18 20:08:02,666 - main.mysql - DEBUG - connecting to mysql://root:123456@localhost:3306/tsxci_daily?charset=utf8
2018-09-18 20:08:02,689 - main.mysql - DEBUG - connecting to mysql://root:123456@localhost:3306/tsxci_daily?charset=utf8
2018-09-18 20:08:02,764 - main.mysql - DEBUG - connecting to mysql://root:123456@localhost:3306/tsxci_daily?charset=utf8
2018-09-18 20:08:02,798 - main.indCode - DEBUG - Generated 55 Industry codes
2018-09-18 20:08:02,870 - main.indCode - DEBUG - Found 1 stocks in agr
2018-09-18 20:08:17,872 - main.query_data - DEBUG - Fetching ntr.to
2018-09-18 20:08:18,476 - main.mysql - DEBUG - connecting to mysql://root:123456@localhost:3306/tsxci_intraday?charset=utf8
2018-09-18 20:08:18,840 - main.write - DEBUG - writing table ntr.to
2018-09-18 20:08:18,840 - main - INFO - Program took 0.269715424378713 minutes to run
